<?xml version="1.0" encoding="UTF-8"?>
<testsuite xmlns:xsi="http://www.w3.org/2001/XMLSchema-instance" xsi:noNamespaceSchemaLocation="https://maven.apache.org/surefire/maven-surefire-plugin/xsd/surefire-test-report.xsd" name="cn.chinaunicom.person.JustTest" time="7.17" tests="1" errors="0" skipped="0" failures="0">
  <properties>
    <property name="sun.desktop" value="windows"/>
    <property name="awt.toolkit" value="sun.awt.windows.WToolkit"/>
    <property name="file.encoding.pkg" value="sun.io"/>
    <property name="java.specification.version" value="1.8"/>
    <property name="sun.cpu.isalist" value="amd64"/>
    <property name="sun.jnu.encoding" value="GBK"/>
    <property name="java.class.path" value="F:\spring-boot-guest\target\test-classes;F:\spring-boot-guest\target\classes;D:\repo\org\springframework\boot\spring-boot-starter-web\2.1.1.RELEASE\spring-boot-starter-web-2.1.1.RELEASE.jar;D:\repo\org\springframework\boot\spring-boot-starter\2.1.1.RELEASE\spring-boot-starter-2.1.1.RELEASE.jar;D:\repo\org\springframework\boot\spring-boot\2.1.1.RELEASE\spring-boot-2.1.1.RELEASE.jar;D:\repo\org\springframework\boot\spring-boot-starter-logging\2.1.1.RELEASE\spring-boot-starter-logging-2.1.1.RELEASE.jar;D:\repo\ch\qos\logback\logback-classic\1.2.3\logback-classic-1.2.3.jar;D:\repo\ch\qos\logback\logback-core\1.2.3\logback-core-1.2.3.jar;D:\repo\org\apache\logging\log4j\log4j-to-slf4j\2.11.1\log4j-to-slf4j-2.11.1.jar;D:\repo\org\apache\logging\log4j\log4j-api\2.11.1\log4j-api-2.11.1.jar;D:\repo\org\slf4j\jul-to-slf4j\1.7.25\jul-to-slf4j-1.7.25.jar;D:\repo\javax\annotation\javax.annotation-api\1.3.2\javax.annotation-api-1.3.2.jar;D:\repo\org\yaml\snakeyaml\1.23\snakeyaml-1.23.jar;D:\repo\org\springframework\boot\spring-boot-starter-json\2.1.1.RELEASE\spring-boot-starter-json-2.1.1.RELEASE.jar;D:\repo\com\fasterxml\jackson\core\jackson-databind\2.9.7\jackson-databind-2.9.7.jar;D:\repo\com\fasterxml\jackson\core\jackson-core\2.9.7\jackson-core-2.9.7.jar;D:\repo\com\fasterxml\jackson\datatype\jackson-datatype-jdk8\2.9.7\jackson-datatype-jdk8-2.9.7.jar;D:\repo\com\fasterxml\jackson\datatype\jackson-datatype-jsr310\2.9.7\jackson-datatype-jsr310-2.9.7.jar;D:\repo\com\fasterxml\jackson\module\jackson-module-parameter-names\2.9.7\jackson-module-parameter-names-2.9.7.jar;D:\repo\org\springframework\boot\spring-boot-starter-tomcat\2.1.1.RELEASE\spring-boot-starter-tomcat-2.1.1.RELEASE.jar;D:\repo\org\apache\tomcat\embed\tomcat-embed-core\9.0.13\tomcat-embed-core-9.0.13.jar;D:\repo\org\apache\tomcat\embed\tomcat-embed-el\9.0.13\tomcat-embed-el-9.0.13.jar;D:\repo\org\apache\tomcat\embed\tomcat-embed-websocket\9.0.13\tomcat-embed-websocket-9.0.13.jar;D:\repo\org\hibernate\validator\hibernate-validator\6.0.13.Final\hibernate-validator-6.0.13.Final.jar;D:\repo\javax\validation\validation-api\2.0.1.Final\validation-api-2.0.1.Final.jar;D:\repo\org\jboss\logging\jboss-logging\3.3.2.Final\jboss-logging-3.3.2.Final.jar;D:\repo\org\springframework\spring-web\5.1.3.RELEASE\spring-web-5.1.3.RELEASE.jar;D:\repo\org\springframework\spring-webmvc\5.1.3.RELEASE\spring-webmvc-5.1.3.RELEASE.jar;D:\repo\org\springframework\spring-aop\5.1.3.RELEASE\spring-aop-5.1.3.RELEASE.jar;D:\repo\org\springframework\spring-expression\5.1.3.RELEASE\spring-expression-5.1.3.RELEASE.jar;D:\repo\org\springframework\boot\spring-boot-starter-test\2.1.1.RELEASE\spring-boot-starter-test-2.1.1.RELEASE.jar;D:\repo\org\springframework\boot\spring-boot-test\2.1.1.RELEASE\spring-boot-test-2.1.1.RELEASE.jar;D:\repo\org\springframework\boot\spring-boot-test-autoconfigure\2.1.1.RELEASE\spring-boot-test-autoconfigure-2.1.1.RELEASE.jar;D:\repo\com\jayway\jsonpath\json-path\2.4.0\json-path-2.4.0.jar;D:\repo\net\minidev\json-smart\2.3\json-smart-2.3.jar;D:\repo\net\minidev\accessors-smart\1.2\accessors-smart-1.2.jar;D:\repo\org\ow2\asm\asm\5.0.4\asm-5.0.4.jar;D:\repo\junit\junit\4.12\junit-4.12.jar;D:\repo\org\assertj\assertj-core\3.11.1\assertj-core-3.11.1.jar;D:\repo\org\mockito\mockito-core\2.23.4\mockito-core-2.23.4.jar;D:\repo\net\bytebuddy\byte-buddy\1.9.5\byte-buddy-1.9.5.jar;D:\repo\net\bytebuddy\byte-buddy-agent\1.9.5\byte-buddy-agent-1.9.5.jar;D:\repo\org\objenesis\objenesis\2.6\objenesis-2.6.jar;D:\repo\org\hamcrest\hamcrest-core\1.3\hamcrest-core-1.3.jar;D:\repo\org\hamcrest\hamcrest-library\1.3\hamcrest-library-1.3.jar;D:\repo\org\skyscreamer\jsonassert\1.5.0\jsonassert-1.5.0.jar;D:\repo\com\vaadin\external\google\android-json\0.0.20131108.vaadin1\android-json-0.0.20131108.vaadin1.jar;D:\repo\org\springframework\spring-core\5.1.3.RELEASE\spring-core-5.1.3.RELEASE.jar;D:\repo\org\springframework\spring-jcl\5.1.3.RELEASE\spring-jcl-5.1.3.RELEASE.jar;D:\repo\org\springframework\spring-test\5.1.3.RELEASE\spring-test-5.1.3.RELEASE.jar;D:\repo\org\xmlunit\xmlunit-core\2.6.2\xmlunit-core-2.6.2.jar;D:\repo\org\springframework\boot\spring-boot-starter-freemarker\2.1.1.RELEASE\spring-boot-starter-freemarker-2.1.1.RELEASE.jar;D:\repo\org\freemarker\freemarker\2.3.28\freemarker-2.3.28.jar;D:\repo\org\springframework\spring-context-support\5.1.3.RELEASE\spring-context-support-5.1.3.RELEASE.jar;D:\repo\org\springframework\spring-beans\5.1.3.RELEASE\spring-beans-5.1.3.RELEASE.jar;D:\repo\org\springframework\spring-context\5.1.3.RELEASE\spring-context-5.1.3.RELEASE.jar;D:\repo\org\springframework\boot\spring-boot-configuration-processor\2.1.1.RELEASE\spring-boot-configuration-processor-2.1.1.RELEASE.jar;D:\repo\org\springframework\boot\spring-boot-starter-actuator\2.1.1.RELEASE\spring-boot-starter-actuator-2.1.1.RELEASE.jar;D:\repo\org\springframework\boot\spring-boot-actuator-autoconfigure\2.1.1.RELEASE\spring-boot-actuator-autoconfigure-2.1.1.RELEASE.jar;D:\repo\org\springframework\boot\spring-boot-actuator\2.1.1.RELEASE\spring-boot-actuator-2.1.1.RELEASE.jar;D:\repo\io\micrometer\micrometer-core\1.1.1\micrometer-core-1.1.1.jar;D:\repo\org\hdrhistogram\HdrHistogram\2.1.9\HdrHistogram-2.1.9.jar;D:\repo\org\latencyutils\LatencyUtils\2.0.3\LatencyUtils-2.0.3.jar;D:\repo\com\baomidou\mybatis-plus-boot-starter\3.3.2\mybatis-plus-boot-starter-3.3.2.jar;D:\repo\com\baomidou\mybatis-plus\3.3.2\mybatis-plus-3.3.2.jar;D:\repo\com\baomidou\mybatis-plus-extension\3.3.2\mybatis-plus-extension-3.3.2.jar;D:\repo\com\baomidou\mybatis-plus-core\3.3.2\mybatis-plus-core-3.3.2.jar;D:\repo\com\baomidou\mybatis-plus-annotation\3.3.2\mybatis-plus-annotation-3.3.2.jar;D:\repo\com\github\jsqlparser\jsqlparser\3.1\jsqlparser-3.1.jar;D:\repo\org\mybatis\mybatis\3.5.4\mybatis-3.5.4.jar;D:\repo\org\mybatis\mybatis-spring\2.0.4\mybatis-spring-2.0.4.jar;D:\repo\org\springframework\boot\spring-boot-autoconfigure\2.1.1.RELEASE\spring-boot-autoconfigure-2.1.1.RELEASE.jar;D:\repo\org\springframework\boot\spring-boot-starter-jdbc\2.1.1.RELEASE\spring-boot-starter-jdbc-2.1.1.RELEASE.jar;D:\repo\com\zaxxer\HikariCP\3.2.0\HikariCP-3.2.0.jar;D:\repo\org\springframework\spring-jdbc\5.1.3.RELEASE\spring-jdbc-5.1.3.RELEASE.jar;D:\repo\org\springframework\spring-tx\5.1.3.RELEASE\spring-tx-5.1.3.RELEASE.jar;D:\repo\mysql\mysql-connector-java\8.0.17\mysql-connector-java-8.0.17.jar;D:\repo\com\alibaba\druid\1.1.23\druid-1.1.23.jar;D:\repo\org\projectlombok\lombok\1.16.6\lombok-1.16.6.jar;D:\repo\com\alibaba\fastjson\1.2.67\fastjson-1.2.67.jar;D:\repo\commons-lang\commons-lang\2.6\commons-lang-2.6.jar;D:\repo\log4j\log4j\1.2.17\log4j-1.2.17.jar;D:\repo\io\springfox\springfox-swagger2\2.9.2\springfox-swagger2-2.9.2.jar;D:\repo\io\swagger\swagger-annotations\1.5.20\swagger-annotations-1.5.20.jar;D:\repo\io\swagger\swagger-models\1.5.20\swagger-models-1.5.20.jar;D:\repo\com\fasterxml\jackson\core\jackson-annotations\2.9.0\jackson-annotations-2.9.0.jar;D:\repo\io\springfox\springfox-spi\2.9.2\springfox-spi-2.9.2.jar;D:\repo\io\springfox\springfox-core\2.9.2\springfox-core-2.9.2.jar;D:\repo\io\springfox\springfox-schema\2.9.2\springfox-schema-2.9.2.jar;D:\repo\io\springfox\springfox-swagger-common\2.9.2\springfox-swagger-common-2.9.2.jar;D:\repo\io\springfox\springfox-spring-web\2.9.2\springfox-spring-web-2.9.2.jar;D:\repo\com\google\guava\guava\20.0\guava-20.0.jar;D:\repo\com\fasterxml\classmate\1.4.0\classmate-1.4.0.jar;D:\repo\org\slf4j\slf4j-api\1.7.25\slf4j-api-1.7.25.jar;D:\repo\org\springframework\plugin\spring-plugin-core\1.2.0.RELEASE\spring-plugin-core-1.2.0.RELEASE.jar;D:\repo\org\springframework\plugin\spring-plugin-metadata\1.2.0.RELEASE\spring-plugin-metadata-1.2.0.RELEASE.jar;D:\repo\org\mapstruct\mapstruct\1.2.0.Final\mapstruct-1.2.0.Final.jar;D:\repo\io\springfox\springfox-swagger-ui\2.9.2\springfox-swagger-ui-2.9.2.jar;D:\repo\cn\hutool\hutool-core\5.5.5\hutool-core-5.5.5.jar;D:\repo\cn\hutool\hutool-http\5.5.5\hutool-http-5.5.5.jar;D:\repo\cn\hutool\hutool-system\5.5.5\hutool-system-5.5.5.jar;"/>
    <property name="java.vm.vendor" value="Oracle Corporation"/>
    <property name="sun.arch.data.model" value="64"/>
    <property name="user.variant" value=""/>
    <property name="java.vendor.url" value="http://java.oracle.com/"/>
    <property name="user.timezone" value="Asia/Shanghai"/>
    <property name="java.vm.specification.version" value="1.8"/>
    <property name="os.name" value="Windows 10"/>
    <property name="user.country" value="CN"/>
    <property name="sun.java.launcher" value="SUN_STANDARD"/>
    <property name="sun.boot.library.path" value="C:\Program Files\Java\jdk1.8.0_281\jre\bin"/>
    <property name="sun.java.command" value="C:\Users\SHS-CY~1\AppData\Local\Temp\surefire2688147570406074740\surefirebooter6860220445236252871.jar C:\Users\shs-cyhlwzytxf\AppData\Local\Temp\surefire2688147570406074740 2021-05-27T13-48-57_234-jvmRun1 surefire6488438321689817086tmp surefire_0339438693591479191tmp"/>
    <property name="surefire.test.class.path" value="F:\spring-boot-guest\target\test-classes;F:\spring-boot-guest\target\classes;D:\repo\org\springframework\boot\spring-boot-starter-web\2.1.1.RELEASE\spring-boot-starter-web-2.1.1.RELEASE.jar;D:\repo\org\springframework\boot\spring-boot-starter\2.1.1.RELEASE\spring-boot-starter-2.1.1.RELEASE.jar;D:\repo\org\springframework\boot\spring-boot\2.1.1.RELEASE\spring-boot-2.1.1.RELEASE.jar;D:\repo\org\springframework\boot\spring-boot-starter-logging\2.1.1.RELEASE\spring-boot-starter-logging-2.1.1.RELEASE.jar;D:\repo\ch\qos\logback\logback-classic\1.2.3\logback-classic-1.2.3.jar;D:\repo\ch\qos\logback\logback-core\1.2.3\logback-core-1.2.3.jar;D:\repo\org\apache\logging\log4j\log4j-to-slf4j\2.11.1\log4j-to-slf4j-2.11.1.jar;D:\repo\org\apache\logging\log4j\log4j-api\2.11.1\log4j-api-2.11.1.jar;D:\repo\org\slf4j\jul-to-slf4j\1.7.25\jul-to-slf4j-1.7.25.jar;D:\repo\javax\annotation\javax.annotation-api\1.3.2\javax.annotation-api-1.3.2.jar;D:\repo\org\yaml\snakeyaml\1.23\snakeyaml-1.23.jar;D:\repo\org\springframework\boot\spring-boot-starter-json\2.1.1.RELEASE\spring-boot-starter-json-2.1.1.RELEASE.jar;D:\repo\com\fasterxml\jackson\core\jackson-databind\2.9.7\jackson-databind-2.9.7.jar;D:\repo\com\fasterxml\jackson\core\jackson-core\2.9.7\jackson-core-2.9.7.jar;D:\repo\com\fasterxml\jackson\datatype\jackson-datatype-jdk8\2.9.7\jackson-datatype-jdk8-2.9.7.jar;D:\repo\com\fasterxml\jackson\datatype\jackson-datatype-jsr310\2.9.7\jackson-datatype-jsr310-2.9.7.jar;D:\repo\com\fasterxml\jackson\module\jackson-module-parameter-names\2.9.7\jackson-module-parameter-names-2.9.7.jar;D:\repo\org\springframework\boot\spring-boot-starter-tomcat\2.1.1.RELEASE\spring-boot-starter-tomcat-2.1.1.RELEASE.jar;D:\repo\org\apache\tomcat\embed\tomcat-embed-core\9.0.13\tomcat-embed-core-9.0.13.jar;D:\repo\org\apache\tomcat\embed\tomcat-embed-el\9.0.13\tomcat-embed-el-9.0.13.jar;D:\repo\org\apache\tomcat\embed\tomcat-embed-websocket\9.0.13\tomcat-embed-websocket-9.0.13.jar;D:\repo\org\hibernate\validator\hibernate-validator\6.0.13.Final\hibernate-validator-6.0.13.Final.jar;D:\repo\javax\validation\validation-api\2.0.1.Final\validation-api-2.0.1.Final.jar;D:\repo\org\jboss\logging\jboss-logging\3.3.2.Final\jboss-logging-3.3.2.Final.jar;D:\repo\org\springframework\spring-web\5.1.3.RELEASE\spring-web-5.1.3.RELEASE.jar;D:\repo\org\springframework\spring-webmvc\5.1.3.RELEASE\spring-webmvc-5.1.3.RELEASE.jar;D:\repo\org\springframework\spring-aop\5.1.3.RELEASE\spring-aop-5.1.3.RELEASE.jar;D:\repo\org\springframework\spring-expression\5.1.3.RELEASE\spring-expression-5.1.3.RELEASE.jar;D:\repo\org\springframework\boot\spring-boot-starter-test\2.1.1.RELEASE\spring-boot-starter-test-2.1.1.RELEASE.jar;D:\repo\org\springframework\boot\spring-boot-test\2.1.1.RELEASE\spring-boot-test-2.1.1.RELEASE.jar;D:\repo\org\springframework\boot\spring-boot-test-autoconfigure\2.1.1.RELEASE\spring-boot-test-autoconfigure-2.1.1.RELEASE.jar;D:\repo\com\jayway\jsonpath\json-path\2.4.0\json-path-2.4.0.jar;D:\repo\net\minidev\json-smart\2.3\json-smart-2.3.jar;D:\repo\net\minidev\accessors-smart\1.2\accessors-smart-1.2.jar;D:\repo\org\ow2\asm\asm\5.0.4\asm-5.0.4.jar;D:\repo\junit\junit\4.12\junit-4.12.jar;D:\repo\org\assertj\assertj-core\3.11.1\assertj-core-3.11.1.jar;D:\repo\org\mockito\mockito-core\2.23.4\mockito-core-2.23.4.jar;D:\repo\net\bytebuddy\byte-buddy\1.9.5\byte-buddy-1.9.5.jar;D:\repo\net\bytebuddy\byte-buddy-agent\1.9.5\byte-buddy-agent-1.9.5.jar;D:\repo\org\objenesis\objenesis\2.6\objenesis-2.6.jar;D:\repo\org\hamcrest\hamcrest-core\1.3\hamcrest-core-1.3.jar;D:\repo\org\hamcrest\hamcrest-library\1.3\hamcrest-library-1.3.jar;D:\repo\org\skyscreamer\jsonassert\1.5.0\jsonassert-1.5.0.jar;D:\repo\com\vaadin\external\google\android-json\0.0.20131108.vaadin1\android-json-0.0.20131108.vaadin1.jar;D:\repo\org\springframework\spring-core\5.1.3.RELEASE\spring-core-5.1.3.RELEASE.jar;D:\repo\org\springframework\spring-jcl\5.1.3.RELEASE\spring-jcl-5.1.3.RELEASE.jar;D:\repo\org\springframework\spring-test\5.1.3.RELEASE\spring-test-5.1.3.RELEASE.jar;D:\repo\org\xmlunit\xmlunit-core\2.6.2\xmlunit-core-2.6.2.jar;D:\repo\org\springframework\boot\spring-boot-starter-freemarker\2.1.1.RELEASE\spring-boot-starter-freemarker-2.1.1.RELEASE.jar;D:\repo\org\freemarker\freemarker\2.3.28\freemarker-2.3.28.jar;D:\repo\org\springframework\spring-context-support\5.1.3.RELEASE\spring-context-support-5.1.3.RELEASE.jar;D:\repo\org\springframework\spring-beans\5.1.3.RELEASE\spring-beans-5.1.3.RELEASE.jar;D:\repo\org\springframework\spring-context\5.1.3.RELEASE\spring-context-5.1.3.RELEASE.jar;D:\repo\org\springframework\boot\spring-boot-configuration-processor\2.1.1.RELEASE\spring-boot-configuration-processor-2.1.1.RELEASE.jar;D:\repo\org\springframework\boot\spring-boot-starter-actuator\2.1.1.RELEASE\spring-boot-starter-actuator-2.1.1.RELEASE.jar;D:\repo\org\springframework\boot\spring-boot-actuator-autoconfigure\2.1.1.RELEASE\spring-boot-actuator-autoconfigure-2.1.1.RELEASE.jar;D:\repo\org\springframework\boot\spring-boot-actuator\2.1.1.RELEASE\spring-boot-actuator-2.1.1.RELEASE.jar;D:\repo\io\micrometer\micrometer-core\1.1.1\micrometer-core-1.1.1.jar;D:\repo\org\hdrhistogram\HdrHistogram\2.1.9\HdrHistogram-2.1.9.jar;D:\repo\org\latencyutils\LatencyUtils\2.0.3\LatencyUtils-2.0.3.jar;D:\repo\com\baomidou\mybatis-plus-boot-starter\3.3.2\mybatis-plus-boot-starter-3.3.2.jar;D:\repo\com\baomidou\mybatis-plus\3.3.2\mybatis-plus-3.3.2.jar;D:\repo\com\baomidou\mybatis-plus-extension\3.3.2\mybatis-plus-extension-3.3.2.jar;D:\repo\com\baomidou\mybatis-plus-core\3.3.2\mybatis-plus-core-3.3.2.jar;D:\repo\com\baomidou\mybatis-plus-annotation\3.3.2\mybatis-plus-annotation-3.3.2.jar;D:\repo\com\github\jsqlparser\jsqlparser\3.1\jsqlparser-3.1.jar;D:\repo\org\mybatis\mybatis\3.5.4\mybatis-3.5.4.jar;D:\repo\org\mybatis\mybatis-spring\2.0.4\mybatis-spring-2.0.4.jar;D:\repo\org\springframework\boot\spring-boot-autoconfigure\2.1.1.RELEASE\spring-boot-autoconfigure-2.1.1.RELEASE.jar;D:\repo\org\springframework\boot\spring-boot-starter-jdbc\2.1.1.RELEASE\spring-boot-starter-jdbc-2.1.1.RELEASE.jar;D:\repo\com\zaxxer\HikariCP\3.2.0\HikariCP-3.2.0.jar;D:\repo\org\springframework\spring-jdbc\5.1.3.RELEASE\spring-jdbc-5.1.3.RELEASE.jar;D:\repo\org\springframework\spring-tx\5.1.3.RELEASE\spring-tx-5.1.3.RELEASE.jar;D:\repo\mysql\mysql-connector-java\8.0.17\mysql-connector-java-8.0.17.jar;D:\repo\com\alibaba\druid\1.1.23\druid-1.1.23.jar;D:\repo\org\projectlombok\lombok\1.16.6\lombok-1.16.6.jar;D:\repo\com\alibaba\fastjson\1.2.67\fastjson-1.2.67.jar;D:\repo\commons-lang\commons-lang\2.6\commons-lang-2.6.jar;D:\repo\log4j\log4j\1.2.17\log4j-1.2.17.jar;D:\repo\io\springfox\springfox-swagger2\2.9.2\springfox-swagger2-2.9.2.jar;D:\repo\io\swagger\swagger-annotations\1.5.20\swagger-annotations-1.5.20.jar;D:\repo\io\swagger\swagger-models\1.5.20\swagger-models-1.5.20.jar;D:\repo\com\fasterxml\jackson\core\jackson-annotations\2.9.0\jackson-annotations-2.9.0.jar;D:\repo\io\springfox\springfox-spi\2.9.2\springfox-spi-2.9.2.jar;D:\repo\io\springfox\springfox-core\2.9.2\springfox-core-2.9.2.jar;D:\repo\io\springfox\springfox-schema\2.9.2\springfox-schema-2.9.2.jar;D:\repo\io\springfox\springfox-swagger-common\2.9.2\springfox-swagger-common-2.9.2.jar;D:\repo\io\springfox\springfox-spring-web\2.9.2\springfox-spring-web-2.9.2.jar;D:\repo\com\google\guava\guava\20.0\guava-20.0.jar;D:\repo\com\fasterxml\classmate\1.4.0\classmate-1.4.0.jar;D:\repo\org\slf4j\slf4j-api\1.7.25\slf4j-api-1.7.25.jar;D:\repo\org\springframework\plugin\spring-plugin-core\1.2.0.RELEASE\spring-plugin-core-1.2.0.RELEASE.jar;D:\repo\org\springframework\plugin\spring-plugin-metadata\1.2.0.RELEASE\spring-plugin-metadata-1.2.0.RELEASE.jar;D:\repo\org\mapstruct\mapstruct\1.2.0.Final\mapstruct-1.2.0.Final.jar;D:\repo\io\springfox\springfox-swagger-ui\2.9.2\springfox-swagger-ui-2.9.2.jar;D:\repo\cn\hutool\hutool-core\5.5.5\hutool-core-5.5.5.jar;D:\repo\cn\hutool\hutool-http\5.5.5\hutool-http-5.5.5.jar;D:\repo\cn\hutool\hutool-system\5.5.5\hutool-system-5.5.5.jar;"/>
    <property name="sun.cpu.endian" value="little"/>
    <property name="user.home" value="C:\Users\shs-cyhlwzytxf"/>
    <property name="user.language" value="zh"/>
    <property name="java.specification.vendor" value="Oracle Corporation"/>
    <property name="java.home" value="C:\Program Files\Java\jdk1.8.0_281\jre"/>
    <property name="basedir" value="F:\spring-boot-guest"/>
    <property name="file.separator" value="\"/>
    <property name="line.separator" value="&#10;"/>
    <property name="java.vm.specification.vendor" value="Oracle Corporation"/>
    <property name="java.specification.name" value="Java Platform API Specification"/>
    <property name="java.awt.graphicsenv" value="sun.awt.Win32GraphicsEnvironment"/>
    <property name="surefire.real.class.path" value="C:\Users\SHS-CY~1\AppData\Local\Temp\surefire2688147570406074740\surefirebooter6860220445236252871.jar"/>
    <property name="sun.boot.class.path" value="C:\Program Files\Java\jdk1.8.0_281\jre\lib\resources.jar;C:\Program Files\Java\jdk1.8.0_281\jre\lib\rt.jar;C:\Program Files\Java\jdk1.8.0_281\jre\lib\sunrsasign.jar;C:\Program Files\Java\jdk1.8.0_281\jre\lib\jsse.jar;C:\Program Files\Java\jdk1.8.0_281\jre\lib\jce.jar;C:\Program Files\Java\jdk1.8.0_281\jre\lib\charsets.jar;C:\Program Files\Java\jdk1.8.0_281\jre\lib\jfr.jar;C:\Program Files\Java\jdk1.8.0_281\jre\classes"/>
    <property name="user.script" value=""/>
    <property name="sun.management.compiler" value="HotSpot 64-Bit Tiered Compilers"/>
    <property name="java.runtime.version" value="1.8.0_281-b09"/>
    <property name="user.name" value="shs-cyhlwzytxf"/>
    <property name="path.separator" value=";"/>
    <property name="os.version" value="10.0"/>
    <property name="java.endorsed.dirs" value="C:\Program Files\Java\jdk1.8.0_281\jre\lib\endorsed"/>
    <property name="java.runtime.name" value="Java(TM) SE Runtime Environment"/>
    <property name="file.encoding" value="GBK"/>
    <property name="java.vm.name" value="Java HotSpot(TM) 64-Bit Server VM"/>
    <property name="localRepository" value="D:\repo"/>
    <property name="java.vendor.url.bug" value="http://bugreport.sun.com/bugreport/"/>
    <property name="java.io.tmpdir" value="C:\Users\SHS-CY~1\AppData\Local\Temp\"/>
    <property name="java.version" value="1.8.0_281"/>
    <property name="user.dir" value="F:\spring-boot-guest"/>
    <property name="os.arch" value="amd64"/>
    <property name="java.vm.specification.name" value="Java Virtual Machine Specification"/>
    <property name="java.awt.printerjob" value="sun.awt.windows.WPrinterJob"/>
    <property name="sun.os.patch.level" value=""/>
    <property name="idea.version2019.3.3" value="true"/>
    <property name="java.library.path" value="C:\Program Files\Java\jdk1.8.0_281\jre\bin;C:\WINDOWS\Sun\Java\bin;C:\WINDOWS\system32;C:\WINDOWS;D:\secureCRT\;C:\Program Files (x86)\Common Files\Oracle\Java\javapath;C:\WINDOWS\system32;C:\WINDOWS;C:\WINDOWS\System32\Wbem;C:\WINDOWS\System32\WindowsPowerShell\v1.0\;C:\WINDOWS\System32\OpenSSH\;D:\Git\cmd;C:\Program Files\Java\jdk1.8.0_281\bin;C:\Program Files\Java\jdk1.8.0_281\jre\bin;D:\apache-maven-3.6.3\bin;D:\TortoiseSVN\bin;D:\MySQL\MySQL Server 8.0\bin;F:\zookeeper-3.4.14\bin;C:\Users\shs-cyhlwzytxf\AppData\Local\Microsoft\WindowsApps;;."/>
    <property name="java.vm.info" value="mixed mode"/>
    <property name="java.vendor" value="Oracle Corporation"/>
    <property name="java.vm.version" value="25.281-b09"/>
    <property name="java.ext.dirs" value="C:\Program Files\Java\jdk1.8.0_281\jre\lib\ext;C:\WINDOWS\Sun\Java\lib\ext"/>
    <property name="sun.io.unicode.encoding" value="UnicodeLittle"/>
    <property name="java.class.version" value="52.0"/>
  </properties>
  <testcase name="testHello" classname="cn.chinaunicom.person.JustTest" time="0.249"/>
</testsuite>